PTCentralPro/manifest-merger-release-report.txt
-- Merging decision tree log ---
manifest
ADDED from AndroidManifest.xml:2:1
	xmlns:android
		ADDED from AndroidManifest.xml:2:11
	package
		ADDED from AndroidManifest.xml:3:5
	android:versionName
		ADDED from AndroidManifest.xml:5:5
	android:versionCode
		ADDED from AndroidManifest.xml:4:5
		INJECTED from AndroidManifest.xml:0:0
		INJECTED from AndroidManifest.xml:0:0
uses-sdk
ADDED from AndroidManifest.xml:7:5
MERGED from com.android.support:appcompat-v7:19.1.0:18:5
MERGED from com.android.support:support-v4:21.0.0:15:5
MERGED from com.android.support:support-v4:21.0.0:15:5
MERGED from com.appboy:android-sdk-ui:1.5.5:5:5
MERGED from com.android.support:support-v4:21.0.0:15:5
MERGED from asia.ivity.android:drag-sort-listview:1.0:6:5
MERGED from com.android.support:support-v4:21.0.0:15:5
MERGED from com.google.android.gms:play-services-base:6.5.87:18:5
MERGED from com.android.support:support-v4:21.0.0:15:5
MERGED from com.crashlytics.sdk.android:crashlytics:2.2.2:7:5
MERGED from com.crashlytics.sdk.android:answers:1.1.2:7:5
MERGED from io.fabric.sdk.android:fabric:1.2.0:7:5
MERGED from io.fabric.sdk.android:fabric:1.2.0:7:5
MERGED from com.crashlytics.sdk.android:beta:1.1.2:7:5
MERGED from io.fabric.sdk.android:fabric:1.2.0:7:5
	android:targetSdkVersion
		ADDED from AndroidManifest.xml:7:42
		INJECTED from AndroidManifest.xml:0:0
		INJECTED from AndroidManifest.xml:0:0
	android:minSdkVersion
		ADDED from AndroidManifest.xml:7:15
		INJECTED from AndroidManifest.xml:0:0
		INJECTED from AndroidManifest.xml:0:0
uses-permission#android.permission.ACCESS_NETWORK_STATE
ADDED from AndroidManifest.xml:9:5
	android:name
		ADDED from AndroidManifest.xml:9:22
uses-permission#android.permission.ACCESS_WIFI_STATE
ADDED from AndroidManifest.xml:10:5
	android:name
		ADDED from AndroidManifest.xml:10:22
uses-permission#android.permission.INTERNET
ADDED from AndroidManifest.xml:11:5
MERGED from com.crashlytics.sdk.android:crashlytics:2.2.2:9:5
	android:name
		ADDED from AndroidManifest.xml:11:22
uses-permission#android.permission.READ_EXTERNAL_STORAGE
ADDED from AndroidManifest.xml:12:5
	android:name
		ADDED from AndroidManifest.xml:12:22
uses-permission#android.permission.CAMERA
ADDED from AndroidManifest.xml:13:5
	android:name
		ADDED from AndroidManifest.xml:13:22
uses-permission#android.permission.WRITE_EXTERNAL_STORAGE
ADDED from AndroidManifest.xml:14:5
	android:name
		ADDED from AndroidManifest.xml:14:22
uses-permission#android.permission.CHANGE_CONFIGURATION
ADDED from AndroidManifest.xml:15:5
	android:name
		ADDED from AndroidManifest.xml:15:22
uses-permission#android.permission.READ_PHONE_STATE
ADDED from AndroidManifest.xml:16:5
	android:name
		ADDED from AndroidManifest.xml:16:22
uses-permission#android.permission.ACCESS_FINE_LOCATION
ADDED from AndroidManifest.xml:17:5
	android:name
		ADDED from AndroidManifest.xml:17:22
uses-permission#android.permission.READ_CONTACTS
ADDED from AndroidManifest.xml:18:5
	android:name
		ADDED from AndroidManifest.xml:18:22
uses-permission#android.permission.READ_CALENDAR
ADDED from AndroidManifest.xml:19:5
	android:name
		ADDED from AndroidManifest.xml:19:22
uses-permission#android.permission.WRITE_CALENDAR
ADDED from AndroidManifest.xml:20:5
	android:name
		ADDED from AndroidManifest.xml:20:22
uses-permission#android.permission.GET_ACCOUNTS
ADDED from AndroidManifest.xml:23:5
	android:name
		ADDED from AndroidManifest.xml:23:22
uses-permission#android.permission.WAKE_LOCK
ADDED from AndroidManifest.xml:24:5
	android:name
		ADDED from AndroidManifest.xml:24:22
uses-permission#com.google.android.c2dm.permission.RECEIVE
ADDED from AndroidManifest.xml:25:5
	android:name
		ADDED from AndroidManifest.xml:25:22
permission#com.fitforbusiness.nafc.permission.C2D_MESSAGE
ADDED from AndroidManifest.xml:27:5
	android:protectionLevel
		ADDED from AndroidManifest.xml:29:9
	android:name
		ADDED from AndroidManifest.xml:28:9
uses-permission#com.fitforbusiness.nafc.permission.C2D_MESSAGE
ADDED from AndroidManifest.xml:31:5
	android:name
		ADDED from AndroidManifest.xml:31:22
uses-permission#com.android.vending.BILLING
ADDED from AndroidManifest.xml:34:5
	android:name
		ADDED from AndroidManifest.xml:34:22
uses-permission#android.permission.READ_LOGS
ADDED from AndroidManifest.xml:37:5
	android:name
		ADDED from AndroidManifest.xml:37:22
uses-permission#android.permission.GET_TASKS
ADDED from AndroidManifest.xml:38:5
	android:name
		ADDED from AndroidManifest.xml:38:22
application
ADDED from AndroidManifest.xml:40:5
MERGED from com.android.support:appcompat-v7:19.1.0:19:5
MERGED from com.android.support:support-v4:21.0.0:16:5
MERGED from com.android.support:support-v4:21.0.0:16:5
MERGED from com.appboy:android-sdk-ui:1.5.5:9:5
MERGED from com.android.support:support-v4:21.0.0:16:5
MERGED from com.android.support:support-v4:21.0.0:16:5
MERGED from com.google.android.gms:play-services-base:6.5.87:20:5
MERGED from com.android.support:support-v4:21.0.0:16:5
MERGED from com.crashlytics.sdk.android:crashlytics:2.2.2:11:5
MERGED from com.crashlytics.sdk.android:answers:1.1.2:9:5
MERGED from io.fabric.sdk.android:fabric:1.2.0:9:5
MERGED from io.fabric.sdk.android:fabric:1.2.0:9:5
MERGED from com.crashlytics.sdk.android:beta:1.1.2:9:5
MERGED from io.fabric.sdk.android:fabric:1.2.0:9:5
	android:label
		ADDED from AndroidManifest.xml:44:9
	android:allowBackup
		ADDED from AndroidManifest.xml:42:9
	android:icon
		ADDED from AndroidManifest.xml:43:9
	android:theme
		ADDED from AndroidManifest.xml:45:9
	android:name
		ADDED from AndroidManifest.xml:41:9
meta-data#com.google.android.gms.version
ADDED from AndroidManifest.xml:47:9
MERGED from com.google.android.gms:play-services-base:6.5.87:21:9
	android:name
		ADDED from AndroidManifest.xml:47:20
	android:value
		ADDED from AndroidManifest.xml:48:13
receiver#com.mobileapptracker.Tracker
ADDED from AndroidManifest.xml:50:9
	android:exported
		ADDED from AndroidManifest.xml:50:63
	android:name
		ADDED from AndroidManifest.xml:50:19
intent-filter#com.android.vending.INSTALL_REFERRER
ADDED from AndroidManifest.xml:51:13
action#com.android.vending.INSTALL_REFERRER
ADDED from AndroidManifest.xml:52:17
	android:name
		ADDED from AndroidManifest.xml:52:25
receiver#com.appboy.AppboyGcmReceiver
ADDED from AndroidManifest.xml:56:9
	android:permission
		ADDED from AndroidManifest.xml:58:13
	android:name
		ADDED from AndroidManifest.xml:57:13
intent-filter#com.fitforbusiness.nafc+com.google.android.c2dm.intent.RECEIVE+com.google.android.c2dm.intent.REGISTRATION
ADDED from AndroidManifest.xml:59:13
action#com.google.android.c2dm.intent.RECEIVE
ADDED from AndroidManifest.xml:60:17
	android:name
		ADDED from AndroidManifest.xml:60:25
action#com.google.android.c2dm.intent.REGISTRATION
ADDED from AndroidManifest.xml:61:17
	android:name
		ADDED from AndroidManifest.xml:61:25
category#com.fitforbusiness.nafc
ADDED from AndroidManifest.xml:63:17
	android:name
		ADDED from AndroidManifest.xml:63:27
receiver#com.fitforbusiness.nafc.NotificationPublisher
ADDED from AndroidManifest.xml:66:9
	android:name
		ADDED from AndroidManifest.xml:66:19
receiver#com.fitforbusiness.nafc.FitForBusinessBroadcastReceiver
ADDED from AndroidManifest.xml:67:9
	android:exported
		ADDED from AndroidManifest.xml:69:13
	android:name
		ADDED from AndroidManifest.xml:68:13
intent-filter#com.fitforbusiness.nafc.intent.APPBOY_NOTIFICATION_OPENED+com.fitforbusiness.nafc.intent.APPBOY_PUSH_RECEIVED
ADDED from AndroidManifest.xml:70:13
action#com.fitforbusiness.nafc.intent.APPBOY_PUSH_RECEIVED
ADDED from AndroidManifest.xml:73:17
	android:name
		ADDED from AndroidManifest.xml:73:25
action#com.fitforbusiness.nafc.intent.APPBOY_NOTIFICATION_OPENED
ADDED from AndroidManifest.xml:74:17
	android:name
		ADDED from AndroidManifest.xml:74:25
activity#com.fitforbusiness.nafc.MainActivity
ADDED from AndroidManifest.xml:78:9
	android:windowSoftInputMode
		ADDED from AndroidManifest.xml:81:13
	android:label
		ADDED from AndroidManifest.xml:80:13
	android:name
		ADDED from AndroidManifest.xml:79:13
intent-filter#android.intent.action.MAIN
ADDED from AndroidManifest.xml:82:13
action#android.intent.action.MAIN
ADDED from AndroidManifest.xml:83:13
	android:name
		ADDED from AndroidManifest.xml:83:21
intent-filter#android.intent.action.VIEW+android.intent.category.BROWSABLE+android.intent.category.DEFAULT
ADDED from AndroidManifest.xml:85:9
action#android.intent.action.VIEW
ADDED from AndroidManifest.xml:86:13
	android:name
		ADDED from AndroidManifest.xml:86:21
category#android.intent.category.DEFAULT
ADDED from AndroidManifest.xml:87:13
	android:name
		ADDED from AndroidManifest.xml:87:23
category#android.intent.category.BROWSABLE
ADDED from AndroidManifest.xml:88:13
	android:name
		ADDED from AndroidManifest.xml:88:23
data
ADDED from AndroidManifest.xml:89:13
	android:host
		ADDED from AndroidManifest.xml:90:17
	android:scheme
		ADDED from AndroidManifest.xml:89:19
activity#com.fitforbusiness.nafc.LoginActivity
ADDED from AndroidManifest.xml:136:9
	android:windowSoftInputMode
		ADDED from AndroidManifest.xml:140:13
	android:label
		ADDED from AndroidManifest.xml:139:13
	android:icon
		ADDED from AndroidManifest.xml:138:13
	android:name
		ADDED from AndroidManifest.xml:137:13
intent-filter#android.intent.action.MAIN+android.intent.category.LAUNCHER
ADDED from AndroidManifest.xml:141:13
category#android.intent.category.LAUNCHER
ADDED from AndroidManifest.xml:144:17
	android:name
		ADDED from AndroidManifest.xml:144:27
activity#com.fitforbusiness.nafc.RegisterActivity
ADDED from AndroidManifest.xml:147:9
	android:windowSoftInputMode
		ADDED from AndroidManifest.xml:150:13
	android:label
		ADDED from AndroidManifest.xml:149:13
	android:name
		ADDED from AndroidManifest.xml:148:13
activity#com.fitforbusiness.nafc.accreditation.AddAccreditationActivity
ADDED from AndroidManifest.xml:155:9
	android:windowSoftInputMode
		ADDED from AndroidManifest.xml:158:13
	android:label
		ADDED from AndroidManifest.xml:157:13
	android:name
		ADDED from AndroidManifest.xml:156:13
activity#com.fitforbusiness.nafc.accreditation.ViewAccreditationActivity
ADDED from AndroidManifest.xml:163:9
	android:windowSoftInputMode
		ADDED from AndroidManifest.xml:166:13
	android:label
		ADDED from AndroidManifest.xml:165:13
	android:name
		ADDED from AndroidManifest.xml:164:13
activity#com.fitforbusiness.oauth.dropbox.DropBoxFileList
ADDED from AndroidManifest.xml:171:9
	android:windowSoftInputMode
		ADDED from AndroidManifest.xml:175:13
	android:label
		ADDED from AndroidManifest.xml:173:13
	android:theme
		ADDED from AndroidManifest.xml:174:13
	android:name
		ADDED from AndroidManifest.xml:172:13
activity#com.fitforbusiness.oauth.dropbox.DropboxSyncFragment
ADDED from AndroidManifest.xml:180:9
	android:windowSoftInputMode
		ADDED from AndroidManifest.xml:183:13
	android:label
		ADDED from AndroidManifest.xml:182:13
	android:name
		ADDED from AndroidManifest.xml:181:13
intent-filter#android.intent.category.DEFAULT+com.fitforbusiness.dropbox.DropboxSyncFragment
ADDED from AndroidManifest.xml:184:13
action#com.fitforbusiness.dropbox.DropboxSyncFragment
ADDED from AndroidManifest.xml:187:17
	android:name
		ADDED from AndroidManifest.xml:187:25
activity#com.dropbox.client2.android.AuthActivity
ADDED from AndroidManifest.xml:197:9
	android:windowSoftInputMode
		ADDED from AndroidManifest.xml:201:13
	android:configChanges
		ADDED from AndroidManifest.xml:199:13
	android:name
		ADDED from AndroidManifest.xml:198:13
	android:launchMode
		ADDED from AndroidManifest.xml:200:13
meta-data#com.crashlytics.ApiKey
ADDED from AndroidManifest.xml:214:9
	android:name
		ADDED from AndroidManifest.xml:215:13
	android:value
		ADDED from AndroidManifest.xml:216:13
activity#com.fitforbusiness.nafc.assessment.AssessmentFormActivity
ADDED from AndroidManifest.xml:218:9
	android:windowSoftInputMode
		ADDED from AndroidManifest.xml:221:13
	android:label
		ADDED from AndroidManifest.xml:220:13
	android:name
		ADDED from AndroidManifest.xml:219:13
intent-filter#android.intent.category.DEFAULT+com.fitforbusiness.nafc.AssessmentFormActivity
ADDED from AndroidManifest.xml:222:13
action#com.fitforbusiness.nafc.AssessmentFormActivity
ADDED from AndroidManifest.xml:225:17
	android:name
		ADDED from AndroidManifest.xml:225:25
activity#com.fitforbusiness.nafc.assessment.AddAssessment
ADDED from AndroidManifest.xml:235:9
	android:windowSoftInputMode
		ADDED from AndroidManifest.xml:238:13
	android:label
		ADDED from AndroidManifest.xml:237:13
	android:name
		ADDED from AndroidManifest.xml:236:13
activity#com.fitforbusiness.nafc.client.AddClientActivity
ADDED from AndroidManifest.xml:239:9
	android:windowSoftInputMode
		ADDED from AndroidManifest.xml:242:13
	android:label
		ADDED from AndroidManifest.xml:241:13
	android:name
		ADDED from AndroidManifest.xml:240:13
activity#com.fitforbusiness.nafc.group.AddGroupActivity
ADDED from AndroidManifest.xml:243:9
	android:windowSoftInputMode
		ADDED from AndroidManifest.xml:246:13
	android:label
		ADDED from AndroidManifest.xml:245:13
	android:name
		ADDED from AndroidManifest.xml:244:13
activity#com.fitforbusiness.framework.ContactList
ADDED from AndroidManifest.xml:247:9
	android:windowSoftInputMode
		ADDED from AndroidManifest.xml:251:13
	android:label
		ADDED from AndroidManifest.xml:249:13
	android:theme
		ADDED from AndroidManifest.xml:250:13
	android:name
		ADDED from AndroidManifest.xml:248:13
activity#com.fitforbusiness.nafc.session.AddSessionActivity
ADDED from AndroidManifest.xml:253:9
	android:windowSoftInputMode
		ADDED from AndroidManifest.xml:256:13
	android:label
		ADDED from AndroidManifest.xml:255:13
	android:name
		ADDED from AndroidManifest.xml:254:13
activity#com.fitforbusiness.nafc.session.SetGoalsActivity
ADDED from AndroidManifest.xml:257:9
	android:windowSoftInputMode
		ADDED from AndroidManifest.xml:260:13
	android:label
		ADDED from AndroidManifest.xml:259:13
	android:name
		ADDED from AndroidManifest.xml:258:13
activity#com.fitforbusiness.nafc.assessment.AddPreWorkoutAssessment
ADDED from AndroidManifest.xml:261:9
	android:windowSoftInputMode
		ADDED from AndroidManifest.xml:265:13
	android:label
		ADDED from AndroidManifest.xml:264:13
	android:configChanges
		ADDED from AndroidManifest.xml:263:13
	android:name
		ADDED from AndroidManifest.xml:262:13
activity#com.fitforbusiness.nafc.membership.AddMemberShipActivity
ADDED from AndroidManifest.xml:266:9
	android:windowSoftInputMode
		ADDED from AndroidManifest.xml:269:13
	android:label
		ADDED from AndroidManifest.xml:268:13
	android:name
		ADDED from AndroidManifest.xml:267:13
activity#com.fitforbusiness.nafc.membership.ViewMemberShipActivity
ADDED from AndroidManifest.xml:278:9
	android:windowSoftInputMode
		ADDED from AndroidManifest.xml:281:13
	android:label
		ADDED from AndroidManifest.xml:280:13
	android:name
		ADDED from AndroidManifest.xml:279:13
activity#com.fitforbusiness.nafc.exercise.AddExerciseActivity
ADDED from AndroidManifest.xml:282:9
	android:windowSoftInputMode
		ADDED from AndroidManifest.xml:285:13
	android:label
		ADDED from AndroidManifest.xml:284:13
	android:name
		ADDED from AndroidManifest.xml:283:13
activity#com.fitforbusiness.framework.PickItemList
ADDED from AndroidManifest.xml:286:9
	android:windowSoftInputMode
		ADDED from AndroidManifest.xml:290:13
	android:label
		ADDED from AndroidManifest.xml:288:13
	android:theme
		ADDED from AndroidManifest.xml:289:13
	android:name
		ADDED from AndroidManifest.xml:287:13
activity#com.fitforbusiness.nafc.exercise.ViewExerciseActivity
ADDED from AndroidManifest.xml:291:9
	android:windowSoftInputMode
		ADDED from AndroidManifest.xml:294:13
	android:label
		ADDED from AndroidManifest.xml:293:13
	android:name
		ADDED from AndroidManifest.xml:292:13
activity#com.fitforbusiness.nafc.exercise.AddWorkoutActivity
ADDED from AndroidManifest.xml:295:9
	android:windowSoftInputMode
		ADDED from AndroidManifest.xml:298:13
	android:label
		ADDED from AndroidManifest.xml:297:13
	android:name
		ADDED from AndroidManifest.xml:296:13
activity#com.fitforbusiness.nafc.exercise.ViewWorkoutActivity
ADDED from AndroidManifest.xml:299:9
	android:windowSoftInputMode
		ADDED from AndroidManifest.xml:302:13
	android:label
		ADDED from AndroidManifest.xml:301:13
	android:name
		ADDED from AndroidManifest.xml:300:13
activity#com.fitforbusiness.nafc.session.ViewSessionActivity
ADDED from AndroidManifest.xml:303:9
	android:windowSoftInputMode
		ADDED from AndroidManifest.xml:306:13
	android:label
		ADDED from AndroidManifest.xml:305:13
	android:name
		ADDED from AndroidManifest.xml:304:13
activity#com.fitforbusiness.nafc.session.GoalSummaryActivity
ADDED from AndroidManifest.xml:307:9
	android:windowSoftInputMode
		ADDED from AndroidManifest.xml:310:13
	android:label
		ADDED from AndroidManifest.xml:309:13
	android:name
		ADDED from AndroidManifest.xml:308:13
activity#com.fitforbusiness.nafc.session.RecordWorkoutActivity
ADDED from AndroidManifest.xml:311:9
	android:windowSoftInputMode
		ADDED from AndroidManifest.xml:314:13
	android:label
		ADDED from AndroidManifest.xml:313:13
	android:name
		ADDED from AndroidManifest.xml:312:13
activity#com.fitforbusiness.framework.ItemPickListWithImage
ADDED from AndroidManifest.xml:315:9
	android:windowSoftInputMode
		ADDED from AndroidManifest.xml:319:13
	android:label
		ADDED from AndroidManifest.xml:317:13
	android:theme
		ADDED from AndroidManifest.xml:318:13
	android:name
		ADDED from AndroidManifest.xml:316:13
activity#com.fitforbusiness.nafc.assessment.AssessmentFormList
ADDED from AndroidManifest.xml:320:9
	android:windowSoftInputMode
		ADDED from AndroidManifest.xml:324:13
	android:label
		ADDED from AndroidManifest.xml:322:13
	android:theme
		ADDED from AndroidManifest.xml:323:13
	android:name
		ADDED from AndroidManifest.xml:321:13
activity#com.fitforbusiness.nafc.client.TempClientDetailActivity
ADDED from AndroidManifest.xml:325:9
	android:windowSoftInputMode
		ADDED from AndroidManifest.xml:328:13
	android:label
		ADDED from AndroidManifest.xml:327:13
	android:name
		ADDED from AndroidManifest.xml:326:13
activity#com.fitforbusiness.nafc.group.TempGroupDetailActivity
ADDED from AndroidManifest.xml:329:9
	android:windowSoftInputMode
		ADDED from AndroidManifest.xml:332:13
	android:label
		ADDED from AndroidManifest.xml:331:13
	android:name
		ADDED from AndroidManifest.xml:330:13
activity#com.fitforbusiness.contact.ContactsListActivity
ADDED from AndroidManifest.xml:333:9
	android:windowSoftInputMode
		ADDED from AndroidManifest.xml:336:13
	android:label
		ADDED from AndroidManifest.xml:335:13
	android:name
		ADDED from AndroidManifest.xml:334:13
activity#com.fitforbusiness.contact.ContactDetailActivity
ADDED from AndroidManifest.xml:337:9
	android:windowSoftInputMode
		ADDED from AndroidManifest.xml:340:13
	android:label
		ADDED from AndroidManifest.xml:339:13
	android:name
		ADDED from AndroidManifest.xml:338:13
activity#com.fitforbusiness.nafc.payment.stripe.activity.PaymentActivity
ADDED from AndroidManifest.xml:341:9
	android:windowSoftInputMode
		ADDED from AndroidManifest.xml:344:13
	android:label
		ADDED from AndroidManifest.xml:343:13
	android:name
		ADDED from AndroidManifest.xml:342:13
intent-filter#android.intent.category.DEFAULT+com.fitforbusiness.nafc.payment.stripe.activity.PaymentActivity
ADDED from AndroidManifest.xml:345:13
action#com.fitforbusiness.nafc.payment.stripe.activity.PaymentActivity
ADDED from AndroidManifest.xml:348:17
	android:name
		ADDED from AndroidManifest.xml:348:25
activity#com.fitforbusiness.nafc.payment.stripe.activity.StripOAuthActivity
ADDED from AndroidManifest.xml:351:9
	android:windowSoftInputMode
		ADDED from AndroidManifest.xml:354:13
	android:label
		ADDED from AndroidManifest.xml:353:13
	android:name
		ADDED from AndroidManifest.xml:352:13
intent-filter#android.intent.category.DEFAULT+com.fitforbusiness.nafc.payment.stripe.activity.StripOAuthActivity
ADDED from AndroidManifest.xml:355:13
action#com.fitforbusiness.nafc.payment.stripe.activity.StripOAuthActivity
ADDED from AndroidManifest.xml:358:17
	android:name
		ADDED from AndroidManifest.xml:358:25
activity#com.fitforbusiness.oauth.stripe.StripeActivity
ADDED from AndroidManifest.xml:368:9
	android:label
		ADDED from AndroidManifest.xml:370:13
	android:name
		ADDED from AndroidManifest.xml:369:13
activity#com.appboy.ui.AppboyWebViewActivity
ADDED from AndroidManifest.xml:392:9
	android:name
		ADDED from AndroidManifest.xml:392:19
activity#com.fitforbusiness.nafc.payment.dwolla.DwollaOAuthActivity
ADDED from AndroidManifest.xml:393:9
	android:label
		ADDED from AndroidManifest.xml:395:13
	android:name
		ADDED from AndroidManifest.xml:394:13
intent-filter#android.intent.category.DEFAULT+com.fitforbusiness.nafc.payment.dwolla.DwollaOAuthActivity
ADDED from AndroidManifest.xml:396:13
action#com.fitforbusiness.nafc.payment.dwolla.DwollaOAuthActivity
ADDED from AndroidManifest.xml:399:17
	android:name
		ADDED from AndroidManifest.xml:399:25
activity#com.fitforbusiness.oauth.dwolla.DwollaActivity
ADDED from AndroidManifest.xml:402:9
	android:name
		ADDED from AndroidManifest.xml:402:19
activity#com.fitforbusiness.nafc.assessment.PARQAssessmentForm
ADDED from AndroidManifest.xml:403:9
	android:label
		ADDED from AndroidManifest.xml:405:13
	android:name
		ADDED from AndroidManifest.xml:404:13
activity#com.fitforbusiness.oauth.twitter.TwitterConnectActivity
ADDED from AndroidManifest.xml:406:9
	android:windowSoftInputMode
		ADDED from AndroidManifest.xml:409:13
	android:label
		ADDED from AndroidManifest.xml:408:13
	android:name
		ADDED from AndroidManifest.xml:407:13
activity#com.fitforbusiness.oauth.twitter.WebViewActivity
ADDED from AndroidManifest.xml:428:9
	android:label
		ADDED from AndroidManifest.xml:430:13
	android:name
		ADDED from AndroidManifest.xml:429:13
service#com.fitforbusiness.webservice.SyncService
ADDED from AndroidManifest.xml:432:9
	android:exported
		ADDED from AndroidManifest.xml:435:13
	android:enabled
		ADDED from AndroidManifest.xml:434:13
	android:name
		ADDED from AndroidManifest.xml:433:13